ARM GAS  /tmp/cczqMGKF.s 			page 1


   1              		.arch armv6
   2              		.eabi_attribute 27, 3
   3              		.eabi_attribute 28, 1
   4              		.fpu vfp
   5              		.eabi_attribute 20, 1
   6              		.eabi_attribute 21, 1
   7              		.eabi_attribute 23, 3
   8              		.eabi_attribute 24, 1
   9              		.eabi_attribute 25, 1
  10              		.eabi_attribute 26, 2
  11              		.eabi_attribute 30, 6
  12              		.eabi_attribute 18, 4
  13              		.file	"func.c"
  14              		.text
  15              	.Ltext0:
  16              		.cfi_sections	.debug_frame
  17              		.align	2
  18              		.global	f
  20              	f:
  21              	.LFB0:
  22              		.file 1 "func.c"
   1:func.c        **** int f(int x){
  23              		.loc 1 1 0
  24              		.cfi_startproc
  25              		@ args = 0, pretend = 0, frame = 8
  26              		@ frame_needed = 1, uses_anonymous_args = 0
  27              		@ link register save eliminated.
  28 0000 04B02DE5 		str	fp, [sp, #-4]!
  29              	.LCFI0:
  30              		.cfi_def_cfa_offset 4
  31              		.cfi_offset 11, -4
  32 0004 00B08DE2 		add	fp, sp, #0
  33              	.LCFI1:
  34              		.cfi_def_cfa_register 11
  35 0008 0CD04DE2 		sub	sp, sp, #12
  36 000c 08000BE5 		str	r0, [fp, #-8]
   2:func.c        ****   return 2*x;
  37              		.loc 1 2 0
  38 0010 08301BE5 		ldr	r3, [fp, #-8]
  39 0014 8330A0E1 		mov	r3, r3, asl #1
   3:func.c        **** }
  40              		.loc 1 3 0
  41 0018 0300A0E1 		mov	r0, r3
  42 001c 00D08BE2 		add	sp, fp, #0
  43 0020 0008BDE8 		ldmfd	sp!, {fp}
  44 0024 1EFF2FE1 		bx	lr
  45              		.cfi_endproc
  46              	.LFE0:
  48              		.align	2
  49              		.global	main
  51              	main:
  52              	.LFB1:
   4:func.c        **** 
   5:func.c        **** int main(){
  53              		.loc 1 5 0
  54              		.cfi_startproc
  55              		@ args = 0, pretend = 0, frame = 8
ARM GAS  /tmp/cczqMGKF.s 			page 2


  56              		@ frame_needed = 1, uses_anonymous_args = 0
  57 0028 00482DE9 		stmfd	sp!, {fp, lr}
  58              	.LCFI2:
  59              		.cfi_def_cfa_offset 8
  60              		.cfi_offset 14, -4
  61              		.cfi_offset 11, -8
  62 002c 04B08DE2 		add	fp, sp, #4
  63              	.LCFI3:
  64              		.cfi_def_cfa 11, 4
  65 0030 08D04DE2 		sub	sp, sp, #8
   6:func.c        ****   int y = f(3);
  66              		.loc 1 6 0
  67 0034 0300A0E3 		mov	r0, #3
  68 0038 FEFFFFEB 		bl	f
  69 003c 08000BE5 		str	r0, [fp, #-8]
   7:func.c        **** }
  70              		.loc 1 7 0
  71 0040 0300A0E1 		mov	r0, r3
  72 0044 04D04BE2 		sub	sp, fp, #4
  73 0048 0088BDE8 		ldmfd	sp!, {fp, pc}
  74              		.cfi_endproc
  75              	.LFE1:
  77              	.Letext0:
ARM GAS  /tmp/cczqMGKF.s 			page 3


DEFINED SYMBOLS
                            *ABS*:00000000 func.c
     /tmp/cczqMGKF.s:17     .text:00000000 $a
     /tmp/cczqMGKF.s:20     .text:00000000 f
     /tmp/cczqMGKF.s:51     .text:00000028 main
                     .debug_frame:00000010 $d

NO UNDEFINED SYMBOLS
